components/FeaturedReviewsSection/index.tsx(5,24): error TS2306: File 'E:/GitHub/cursuri/components/FeaturedReviewsSection/ReviewCard.tsx' is not a module.
components/FeaturedReviewsSection/index.tsx(6,36): error TS2307: Cannot find module './hooks/useFeaturedReviews' or its corresponding type declarations.
components/FeaturedReviewsSection/index.tsx(51,42): error TS7006: Parameter 'review' implicitly has an 'any' type.
components/FeaturedReviewsSection/index.tsx(51,50): error TS7006: Parameter 'index' implicitly has an 'any' type.
components/HeroSection/hooks/useHeroStats.tsx(4,27): error TS2307: Cannot find module '@/components/contexts/hooks' or its corresponding type declarations.
components/HeroSection/hooks/useHeroStats.tsx(32,59): error TS7006: Parameter 'product' implicitly has an 'any' type.
components/HeroSection/hooks/useHeroStats.tsx(57,31): error TS7006: Parameter 'tag' implicitly has an 'any' type.
components/HeroSection/index.tsx(7,35): error TS2307: Cannot find module '@/components/contexts/hooks' or its corresponding type declarations.
